<?xml version="1.0" encoding="UTF-8"?>
<!-- Generated by org.testng.reporters.JUnitReportReporter -->
<testsuite hostname="EM-025-MLAKSHMI" failures="0" tests="1" name="com.testscript.TwoInputFielsdAssert" time="5.743" errors="0" timestamp="2024-07-10T13:28:00 IST" skipped="0">
  <testcase classname="com.testscript.TwoInputFielsdAssert" name="verifyTwoInputFields" time="5.743"/>
</testsuite> <!-- com.testscript.TwoInputFielsdAssert -->
