<?xml version="1.0" encoding="UTF-8"?>
<!-- Generated by org.testng.reporters.JUnitReportReporter -->
<testsuite hostname="EM-025-MLAKSHMI" failures="0" tests="2" name="com.testscript.Anotation" time="0.004" errors="0" timestamp="2024-07-11T08:43:06 IST" skipped="0">
  <testcase classname="com.testscript.Anotation" name="testCase2" time="0.003"/>
  <testcase classname="com.testscript.Anotation" name="testCase1" time="0.001"/>
</testsuite> <!-- com.testscript.Anotation -->
