<?xml version="1.0" encoding="UTF-8"?>
<!-- Generated by org.testng.reporters.JUnitReportReporter -->
<testsuite hostname="EM-025-MLAKSHMI" failures="0" tests="1" name="com.testscript.ActionsClass" time="18.743" errors="0" timestamp="2024-07-11T11:14:19 IST" skipped="0">
  <testcase classname="com.testscript.ActionsClass" name="dragAndDrop" time="18.743"/>
</testsuite> <!-- com.testscript.ActionsClass -->
